E:\CODE_DIR\GETFUNADDRESS\GETFUNADDRESS\RELEASE\GETFUNADDRESS.PCH
E:\CODE_DIR\GETFUNADDRESS\GETFUNADDRESS\RELEASE\STDAFX.OBJ
E:\CODE_DIR\GETFUNADDRESS\GETFUNADDRESS\RELEASE\VC110.PDB
E:\CODE_DIR\GETFUNADDRESS\GETFUNADDRESS\RELEASE\GETFUNADDRESS.OBJ
E:\CODE_DIR\GETFUNADDRESS\GETFUNADDRESS\RELEASE\GETFUNADDRESS.EXE
E:\CODE_DIR\GETFUNADDRESS\GETFUNADDRESS\RELEASE\GETFUNADDRESS.PDB
E:\CODE_DIR\GETFUNADDRESS\GETFUNADDRESS\RELEASE\GETFUNADDRESS.RES
E:\CODE_DIR\GetFunAddress\GetFunAddress\Release\GetFunAddress.obj
E:\CODE_DIR\GetFunAddress\GetFunAddress\Release\stdafx.obj
E:\CODE_DIR\GetFunAddress\GetFunAddress\Release\cl.command.1.tlog
E:\CODE_DIR\GetFunAddress\GetFunAddress\Release\CL.read.1.tlog
E:\CODE_DIR\GetFunAddress\GetFunAddress\Release\CL.write.1.tlog
E:\CODE_DIR\GetFunAddress\GetFunAddress\Release\link-cvtres.read.1.tlog
E:\CODE_DIR\GetFunAddress\GetFunAddress\Release\link-cvtres.write.1.tlog
E:\CODE_DIR\GetFunAddress\GetFunAddress\Release\link-rc.read.1.tlog
E:\CODE_DIR\GetFunAddress\GetFunAddress\Release\link-rc.write.1.tlog
E:\CODE_DIR\GetFunAddress\GetFunAddress\Release\link.command.1.tlog
E:\CODE_DIR\GetFunAddress\GetFunAddress\Release\link.read.1.tlog
E:\CODE_DIR\GetFunAddress\GetFunAddress\Release\link.write.1.tlog
E:\CODE_DIR\GetFunAddress\GetFunAddress\Release\rc.command.1.tlog
E:\CODE_DIR\GetFunAddress\GetFunAddress\Release\rc.read.1.tlog
E:\CODE_DIR\GetFunAddress\GetFunAddress\Release\rc.write.1.tlog
E:\CODE_DIR\GetFunAddress\GetFunAddress\Release\GetFunAddress.res
E:\CODE_DIR\GetFunAddress\GetFunAddress\Release\GetFunAddress.pch
E:\CODE_DIR\GetFunAddress\GetFunAddress\Release\GetFunAddress.pdb
E:\CODE_DIR\GetFunAddress\GetFunAddress\Release\vc110.pdb
E:\CODE_DIR\GetFunAddress\GetFunAddress\Release\GetFunAddress.exe
