E:\CODE_DIR\GETFUNADDRESS\GETFUNADDRESS\DEBUG\GETFUNADDRESS.PCH
E:\CODE_DIR\GETFUNADDRESS\GETFUNADDRESS\DEBUG\STDAFX.OBJ
E:\CODE_DIR\GETFUNADDRESS\GETFUNADDRESS\DEBUG\VC110.PDB
E:\CODE_DIR\GETFUNADDRESS\GETFUNADDRESS\DEBUG\GETFUNADDRESS.OBJ
E:\CODE_DIR\GETFUNADDRESS\GETFUNADDRESS\DEBUG\GETFUNADDRESS.ILK
E:\CODE_DIR\GETFUNADDRESS\GETFUNADDRESS\DEBUG\GETFUNADDRESS.EXE
E:\CODE_DIR\GETFUNADDRESS\GETFUNADDRESS\DEBUG\GETFUNADDRESS.PDB
E:\CODE_DIR\GETFUNADDRESS\GETFUNADDRESS\DEBUG\GETFUNADDRESS.RES
E:\CODE_DIR\GetFunAddress\GetFunAddress\Debug\GetFunAddress.obj
E:\CODE_DIR\GetFunAddress\GetFunAddress\Debug\stdafx.obj
E:\CODE_DIR\GetFunAddress\GetFunAddress\Debug\GetFunAddress.ilk
E:\CODE_DIR\GetFunAddress\GetFunAddress\Debug\cl.command.1.tlog
E:\CODE_DIR\GetFunAddress\GetFunAddress\Debug\CL.read.1.tlog
E:\CODE_DIR\GetFunAddress\GetFunAddress\Debug\CL.write.1.tlog
E:\CODE_DIR\GetFunAddress\GetFunAddress\Debug\link-cvtres.read.1.tlog
E:\CODE_DIR\GetFunAddress\GetFunAddress\Debug\link-cvtres.write.1.tlog
E:\CODE_DIR\GetFunAddress\GetFunAddress\Debug\link-rc.read.1.tlog
E:\CODE_DIR\GetFunAddress\GetFunAddress\Debug\link-rc.write.1.tlog
E:\CODE_DIR\GetFunAddress\GetFunAddress\Debug\link.command.1.tlog
E:\CODE_DIR\GetFunAddress\GetFunAddress\Debug\link.read.1.tlog
E:\CODE_DIR\GetFunAddress\GetFunAddress\Debug\link.write.1.tlog
E:\CODE_DIR\GetFunAddress\GetFunAddress\Debug\rc.command.1.tlog
E:\CODE_DIR\GetFunAddress\GetFunAddress\Debug\rc.read.1.tlog
E:\CODE_DIR\GetFunAddress\GetFunAddress\Debug\rc.write.1.tlog
E:\CODE_DIR\GetFunAddress\GetFunAddress\Debug\GetFunAddress.res
E:\CODE_DIR\GetFunAddress\GetFunAddress\Debug\GetFunAddress.pch
E:\CODE_DIR\GetFunAddress\GetFunAddress\Debug\vc110.idb
E:\CODE_DIR\GetFunAddress\GetFunAddress\Debug\GetFunAddress.pdb
E:\CODE_DIR\GetFunAddress\GetFunAddress\Debug\vc110.pdb
E:\CODE_DIR\GetFunAddress\GetFunAddress\Debug\GetFunAddress.exe
